Monitoring directory: /home/th/auto-update-github-repo
Wed Sep 17 15:33:17 +07 2025: Committed:  Create file auto_git.log; Change file auto_update.py
Wed Sep 17 15:33:17 +07 2025: Conflict detected during rebase. Aborting rebase.
Stopping script...
2025-09-17 15:33:59,268: Monitoring directory: /home/th/auto-update-github-repo
2025-09-17 15:34:03,749: Committed: Change file auto_git.log
2025-09-17 15:34:04,449: Conflict detected during rebase. Aborting rebase.
2025-09-17 15:34:04,451: Error aborting rebase: Command '['git', 'rebase', '--abort']' returned non-zero exit status 128.
Monitoring directory: /home/th/auto-update-github-repo
Wed Sep 17 15:37:52 +07 2025: Committed:  Change file auto_git.log, auto_update.ps1
Wed Sep 17 15:37:54 +07 2025: Conflict detected during rebase. Aborting rebase.
Stopping script...
2025-09-17 15:39:39,788: Monitoring directory: /home/th/auto-update-github-repo
2025-09-17 15:39:49,124: Committed: Change file auto_git.log
2025-09-17 15:39:49,797: Conflict detected during rebase. Aborting rebase.
2025-09-17 15:39:49,798: Error aborting rebase: Command '['git', 'rebase', '--abort']' returned non-zero exit status 128.
2025-09-17 15:42:42,010: Committed: Change file auto_git.log
2025-09-17 15:42:42,664: Conflict detected during rebase. Aborting rebase.
2025-09-17 15:42:42,665: Error aborting rebase: Command '['git', 'rebase', '--abort']' returned non-zero exit status 128.
Monitoring directory: /home/th/auto-update-github-repo
Wed Sep 17 15:47:46 +07 2025: Committed:  Change file auto_git.log, auto_update.py, auto_update.sh
Wed Sep 17 15:47:47 +07 2025: Pull failed: error: cannot pull with rebase: You have unstaged changes.
error: Please commit or stash them.
Wed Sep 17 15:47:47 +07 2025: Unstaged changes detected. Committing them...
Wed Sep 17 15:47:47 +07 2025: Committed unstaged changes
Wed Sep 17 15:47:47 +07 2025: Conflict detected during rebase. Aborting rebase.
Wed Sep 17 15:47:47 +07 2025: Error aborting rebase
Wed Sep 17 15:48:47 +07 2025: Stopping script...
2025-09-17 15:48:52,258: Monitoring directory: /home/th/auto-update-github-repo
2025-09-17 15:48:58,335: Committed: Change file auto_git.log
2025-09-17 15:48:59,063: Pull failed: error: cannot pull with rebase: You have unstaged changes.
error: Please commit or stash them.

2025-09-17 15:48:59,065: Unstaged changes detected. Committing them...
2025-09-17 15:48:59,079: Committed unstaged changes
2025-09-17 15:48:59,081: Conflict detected during rebase. Aborting rebase.
2025-09-17 15:48:59,082: Error aborting rebase: Command '['git', 'rebase', '--abort']' returned non-zero exit status 128.
2025-09-17 15:49:42,129: Committed: Change file auto_git.log
2025-09-17 15:49:43,867: Pull failed: error: cannot pull with rebase: You have unstaged changes.
error: Please commit or stash them.

2025-09-17 15:49:43,869: Unstaged changes detected. Committing them...
2025-09-17 15:49:43,875: Committed unstaged changes
2025-09-17 15:49:43,876: Conflict detected during rebase. Aborting rebase.
2025-09-17 15:49:43,877: Error aborting rebase: Command '['git', 'rebase', '--abort']' returned non-zero exit status 128.
2025-09-17 15:49:49,559: Committed: Change file auto_git.log
2025-09-17 15:49:51,213: Pull failed: error: cannot pull with rebase: You have unstaged changes.
error: Please commit or stash them.

2025-09-17 15:49:51,215: Unstaged changes detected. Committing them...
2025-09-17 15:49:51,224: Committed unstaged changes
2025-09-17 15:49:51,227: Conflict detected during rebase. Aborting rebase.
2025-09-17 15:49:51,229: Error aborting rebase: Command '['git', 'rebase', '--abort']' returned non-zero exit status 128.
